[0.111s] Invoking command in '/home/hans/ros2_ws/build/thur': CMAKE_PREFIX_PATH=${CMAKE_PREFIX_PATH}:/opt/ros/iron /usr/bin/cmake --build /home/hans/ros2_ws/build/thur -- -j4 -l4
[0.408s] [35m[1mConsolidate compiler generated dependencies of target thur[0m
[0.525s] [ 33%] [32mBuilding CXX object CMakeFiles/thur.dir/hardware/serial.cpp.o[0m
[9.001s] [01m[K/home/hans/ros2_ws/src/ros2_control_demos/thur/hardware/serial.cpp:[m[K In function â€˜[01m[Kstd::string to_string()[m[Kâ€™:
[9.002s] [01m[K/home/hans/ros2_ws/src/ros2_control_demos/thur/hardware/serial.cpp:196:15:[m[K [01;31m[Kerror: [m[Kexpected â€˜[01m[K;[m[Kâ€™ before â€˜[01m[K}[m[Kâ€™ token
[9.002s]   196 |     return ter
[9.002s]       |               [01;31m[K^[m[K
[9.002s]       |               [32m[K;[m[K
[9.002s]   197 | [32m[K}[m[K
[9.002s]       | [32m[K~[m[K              
[10.465s] gmake[2]: *** [CMakeFiles/thur.dir/build.make:90: CMakeFiles/thur.dir/hardware/serial.cpp.o] Fehler 1
[10.466s] gmake[1]: *** [CMakeFiles/Makefile2:137: CMakeFiles/thur.dir/all] Fehler 2
[10.467s] gmake: *** [Makefile:146: all] Fehler 2
[10.473s] Invoked command in '/home/hans/ros2_ws/build/thur' returned '2': CMAKE_PREFIX_PATH=${CMAKE_PREFIX_PATH}:/opt/ros/iron /usr/bin/cmake --build /home/hans/ros2_ws/build/thur -- -j4 -l4
