[0.022s] Invoking command in '/home/hans/ros2_ws/build/thur': CMAKE_PREFIX_PATH=${CMAKE_PREFIX_PATH}:/opt/ros/iron /usr/bin/cmake --build /home/hans/ros2_ws/build/thur -- -j1 -l1
[0.173s] [ 33%] [32mBuilding CXX object CMakeFiles/thur.dir/hardware/thur_diff.cpp.o[0m
[7.431s] [01m[K/home/hans/ros2_ws/src/ros2_control_demos/thur/hardware/thur_diff.cpp:198:33:[m[K [01;31m[Kerror: [m[Kâ€˜[01m[Kros2_control_demo_example_2[m[Kâ€™ has not been declared
[7.431s]   198 | hardware_interface::return_type [01;31m[Kros2_control_demo_example_2[m[K ::ThurSystemHardware::write(
[7.431s]       |                                 [01;31m[K^~~~~~~~~~~~~~~~~~~~~~~~~~~[m[K
[7.448s] [01m[K/home/hans/ros2_ws/src/ros2_control_demos/thur/hardware/thur_diff.cpp:[m[K In function â€˜[01m[Khardware_interface::return_type thur::write(const rclcpp::Time&, const rclcpp::Duration&)[m[Kâ€™:
[7.448s] [01m[K/home/hans/ros2_ws/src/ros2_control_demos/thur/hardware/thur_diff.cpp:204:25:[m[K [01;31m[Kerror: [m[Kâ€˜[01m[Khw_commands_[m[Kâ€™ was not declared in this scope
[7.448s]   204 |   for (auto i = 0u; i < [01;31m[Khw_commands_[m[K.size(); i++)
[7.448s]       |                         [01;31m[K^~~~~~~~~~~~[m[K
[7.458s] In file included from [01m[K/opt/ros/iron/include/rclcpp/rclcpp/logging.hpp:24[m[K,
[7.458s]                  from [01m[K/opt/ros/iron/include/rclcpp/rclcpp/client.hpp:43[m[K,
[7.458s]                  from [01m[K/opt/ros/iron/include/rclcpp/rclcpp/callback_group.hpp:24[m[K,
[7.458s]                  from [01m[K/opt/ros/iron/include/rclcpp/rclcpp/any_executable.hpp:20[m[K,
[7.459s]                  from [01m[K/opt/ros/iron/include/rclcpp/rclcpp/memory_strategy.hpp:25[m[K,
[7.459s]                  from [01m[K/opt/ros/iron/include/rclcpp/rclcpp/memory_strategies.hpp:18[m[K,
[7.460s]                  from [01m[K/opt/ros/iron/include/rclcpp/rclcpp/executor_options.hpp:20[m[K,
[7.461s]                  from [01m[K/opt/ros/iron/include/rclcpp/rclcpp/executor.hpp:37[m[K,
[7.465s]                  from [01m[K/opt/ros/iron/include/rclcpp/rclcpp/executors/multi_threaded_executor.hpp:25[m[K,
[7.465s]                  from [01m[K/opt/ros/iron/include/rclcpp/rclcpp/executors.hpp:21[m[K,
[7.465s]                  from [01m[K/opt/ros/iron/include/rclcpp/rclcpp/rclcpp.hpp:167[m[K,
[7.465s]                  from [01m[K/home/hans/ros2_ws/src/ros2_control_demos/thur/hardware/thur_diff.cpp:26[m[K:
[7.465s] [01m[K/home/hans/ros2_ws/src/ros2_control_demos/thur/hardware/thur_diff.cpp:209:7:[m[K [01;31m[Kerror: [m[Kâ€˜[01m[Kinfo_[m[Kâ€™ was not declared in this scope
[7.465s]   209 |       [01;31m[Kinfo_[m[K.joints[i].name.c_str());
[7.465s]       |       [01;31m[K^~~~~[m[K
[7.475s] [01m[K/home/hans/ros2_ws/src/ros2_control_demos/thur/hardware/thur_diff.cpp:211:5:[m[K [01;31m[Kerror: [m[Kâ€˜[01m[Khw_velocities_[m[Kâ€™ was not declared in this scope
[7.475s]   211 |     [01;31m[Khw_velocities_[m[K[i] = hw_commands_[i];
[7.475s]       |     [01;31m[K^~~~~~~~~~~~~~[m[K
[7.569s] In file included from [01m[K/opt/ros/iron/include/class_loader/class_loader/class_loader.hpp:56[m[K,
[7.570s]                  from [01m[K/opt/ros/iron/include/pluginlib/pluginlib/class_list_macros.hpp:40[m[K,
[7.575s]                  from [01m[K/home/hans/ros2_ws/src/ros2_control_demos/thur/hardware/thur_diff.cpp:221[m[K:
[7.575s] [01m[K/home/hans/ros2_ws/src/ros2_control_demos/thur/hardware/thur_diff.cpp:[m[K At global scope:
[7.575s] [01m[K/home/hans/ros2_ws/src/ros2_control_demos/thur/hardware/thur_diff.cpp:223:3:[m[K [01;31m[Kerror: [m[Kâ€˜[01m[Kros2_control_demo_example_2[m[Kâ€™ does not name a type
[7.575s]   223 |   [01;31m[Kros2_control_demo_example_2[m[K::ThurSystemHardware, hardware_interface::SystemInterface)
[7.575s]       |   [01;31m[K^~~~~~~~~~~~~~~~~~~~~~~~~~~[m[K
[7.591s] [01m[K/home/hans/ros2_ws/src/ros2_control_demos/thur/hardware/thur_diff.cpp:[m[K In constructor â€˜[01m[K{anonymous}::ProxyExec0::ProxyExec0()[m[Kâ€™:
[7.592s] [01m[K/home/hans/ros2_ws/src/ros2_control_demos/thur/hardware/thur_diff.cpp:222:1:[m[K [01;31m[Kerror: [m[Kâ€˜[01m[K_derived[m[Kâ€™ was not declared in this scope
[7.592s]   222 | [01;31m[KPLUGINLIB_EXPORT_CLASS[m[K(
[7.594s]       | [01;31m[K^~~~~~~~~~~~~~~~~~~~~~[m[K
[7.594s] [01m[K/home/hans/ros2_ws/src/ros2_control_demos/thur/hardware/thur_diff.cpp:222:1:[m[K [01;31m[Kerror: [m[Kno matching function for call to â€˜[01m[KregisterPlugin<<expression error>, {anonymous}::ProxyExec0::_base>(const char [48], const char [36])[m[Kâ€™
[7.595s]   222 | [01;31m[KPLUGINLIB_EXPORT_CLASS[m[K(
[7.595s]       | [01;31m[K^~~~~~~~~~~~~~~~~~~~~~[m[K
[7.601s] In file included from [01m[K/opt/ros/iron/include/class_loader/class_loader/class_loader.hpp:55[m[K,
[7.601s]                  from [01m[K/opt/ros/iron/include/pluginlib/pluginlib/class_list_macros.hpp:40[m[K,
[7.601s]                  from [01m[K/home/hans/ros2_ws/src/ros2_control_demos/thur/hardware/thur_diff.cpp:221[m[K:
[7.601s] [01m[K/opt/ros/iron/include/class_loader/class_loader/class_loader_core.hpp:241:1:[m[K [01;36m[Knote: [m[Kcandidate: â€˜[01m[Ktemplate<class Derived, class Base> class_loader::impl::UniquePtr<class_loader::impl::AbstractMetaObjectBase> class_loader::impl::registerPlugin(const string&, const string&)[m[Kâ€™
[7.601s]   241 | [01;36m[KregisterPlugin[m[K(const std::string & class_name, const std::string & base_class_name)
[7.601s]       | [01;36m[K^~~~~~~~~~~~~~[m[K
[7.601s] [01m[K/opt/ros/iron/include/class_loader/class_loader/class_loader_core.hpp:241:1:[m[K [01;36m[Knote: [m[K  template argument deduction/substitution failed:
[7.601s] In file included from [01m[K/opt/ros/iron/include/class_loader/class_loader/class_loader.hpp:56[m[K,
[7.601s]                  from [01m[K/opt/ros/iron/include/pluginlib/pluginlib/class_list_macros.hpp:40[m[K,
[7.601s]                  from [01m[K/home/hans/ros2_ws/src/ros2_control_demos/thur/hardware/thur_diff.cpp:221[m[K:
[7.601s] [01m[K/home/hans/ros2_ws/src/ros2_control_demos/thur/hardware/thur_diff.cpp:222:1:[m[K [01;31m[Kerror: [m[Ktemplate argument 1 is invalid
[7.601s]   222 | [01;31m[KPLUGINLIB_EXPORT_CLASS[m[K(
[7.601s]       | [01;31m[K^~~~~~~~~~~~~~~~~~~~~~[m[K
[10.429s] gmake[2]: *** [CMakeFiles/thur.dir/build.make:76: CMakeFiles/thur.dir/hardware/thur_diff.cpp.o] Fehler 1
[10.430s] gmake[1]: *** [CMakeFiles/Makefile2:137: CMakeFiles/thur.dir/all] Fehler 2
[10.431s] gmake: *** [Makefile:146: all] Fehler 2
[10.438s] Invoked command in '/home/hans/ros2_ws/build/thur' returned '2': CMAKE_PREFIX_PATH=${CMAKE_PREFIX_PATH}:/opt/ros/iron /usr/bin/cmake --build /home/hans/ros2_ws/build/thur -- -j1 -l1
