[0.142s] Invoking command in '/home/hans/ros2_ws/build/thur': CMAKE_PREFIX_PATH=${CMAKE_PREFIX_PATH}:/opt/ros/iron /usr/bin/cmake --build /home/hans/ros2_ws/build/thur -- -j4 -l4
[0.411s] [35m[1mConsolidate compiler generated dependencies of target thur[0m
[0.608s] [ 33%] [32mBuilding CXX object CMakeFiles/thur.dir/hardware/thur_diff.cpp.o[0m
[0.617s] [ 66%] [32mBuilding CXX object CMakeFiles/thur.dir/hardware/serial.cpp.o[0m
[11.850s] [01m[K/home/hans/ros2_ws/src/ros2_control_demos/thur/hardware/serial.cpp:[m[K In function â€˜[01m[Kstd::string to_string()[m[Kâ€™:
[11.851s] [01m[K/home/hans/ros2_ws/src/ros2_control_demos/thur/hardware/serial.cpp:194:15:[m[K [01;31m[Kerror: [m[Kexpected â€˜[01m[K;[m[Kâ€™ before â€˜[01m[K}[m[Kâ€™ token
[11.851s]   194 |     return ret
[11.851s]       |               [01;31m[K^[m[K
[11.851s]       |               [32m[K;[m[K
[11.851s]   195 | [32m[K}[m[K
[11.852s]       | [32m[K~[m[K              
[11.978s] In file included from [01m[K/opt/ros/iron/include/rclcpp/rclcpp/logging.hpp:24[m[K,
[11.978s]                  from [01m[K/opt/ros/iron/include/rclcpp/rclcpp/client.hpp:43[m[K,
[11.979s]                  from [01m[K/opt/ros/iron/include/rclcpp/rclcpp/callback_group.hpp:24[m[K,
[11.979s]                  from [01m[K/opt/ros/iron/include/rclcpp/rclcpp/any_executable.hpp:20[m[K,
[11.979s]                  from [01m[K/opt/ros/iron/include/rclcpp/rclcpp/memory_strategy.hpp:25[m[K,
[11.979s]                  from [01m[K/opt/ros/iron/include/rclcpp/rclcpp/memory_strategies.hpp:18[m[K,
[11.979s]                  from [01m[K/opt/ros/iron/include/rclcpp/rclcpp/executor_options.hpp:20[m[K,
[11.980s]                  from [01m[K/opt/ros/iron/include/rclcpp/rclcpp/executor.hpp:37[m[K,
[11.980s]                  from [01m[K/opt/ros/iron/include/rclcpp/rclcpp/executors/multi_threaded_executor.hpp:25[m[K,
[11.980s]                  from [01m[K/opt/ros/iron/include/rclcpp/rclcpp/executors.hpp:21[m[K,
[11.980s]                  from [01m[K/opt/ros/iron/include/rclcpp/rclcpp/rclcpp.hpp:167[m[K,
[11.980s]                  from [01m[K/home/hans/ros2_ws/src/ros2_control_demos/thur/hardware/thur_diff.cpp:24[m[K:
[11.980s] [01m[K/home/hans/ros2_ws/src/ros2_control_demos/thur/hardware/thur_diff.cpp:[m[K In member function â€˜[01m[Kvirtual hardware_interface::CallbackReturn thur::ThurSystemHardware::on_activate(const rclcpp_lifecycle::State&)[m[Kâ€™:
[11.987s] [01m[K/home/hans/ros2_ws/src/ros2_control_demos/thur/hardware/thur_diff.cpp:158:61:[m[K [01;35m[Kwarning: [m[Kformat â€˜[01m[K%s[m[Kâ€™ expects argument of type â€˜[01m[Kchar*[m[Kâ€™, but argument 5 has type â€˜[01m[Kstd::string[m[Kâ€™ {aka â€˜[01m[Kstd::__cxx11::basic_string<char>[m[Kâ€™} [[01;35m[K]8;;https://gcc.gnu.org/onlinedocs/gcc/Warning-Options.html#index-Wformat=-Wformat=]8;;[m[K]
[11.987s]   158 |       RCLCPP_INFO(rclcpp::get_logger("ThurSystemHardware"), [01;35m[K"Trying to activate serial port '%s' ..."[m[K, [32m[Kserial_port_->to_string()[m[K);
[11.987s]       |                                                             [01;35m[K^~~~~~~~~~~~~~~~~~~~~~~~~~~~~~~~~~~~~~~~~[m[K  [32m[K~~~~~~~~~~~~~~~~~~~~~~~~~[m[K
[11.987s]       |                                                                                                                               [32m[K|[m[K
[11.988s]       |                                                                                                                               [32m[Kstd::string {aka std::__cxx11::basic_string<char>}[m[K
[11.988s] [01m[K/home/hans/ros2_ws/src/ros2_control_demos/thur/hardware/thur_diff.cpp:158:95:[m[K [01;36m[Knote: [m[Kformat string is defined here
[11.988s]   158 |       RCLCPP_INFO(rclcpp::get_logger("ThurSystemHardware"), "Trying to activate serial port '[01;36m[K%s[m[K' ...", serial_port_->to_string());
[11.988s]       |                                                                                              [01;36m[K~^[m[K
[11.988s]       |                                                                                               [01;36m[K|[m[K
[11.989s]       |                                                                                               [01;36m[Kchar*[m[K
[12.001s] [01m[K/home/hans/ros2_ws/src/ros2_control_demos/thur/hardware/thur_diff.cpp:[m[K In member function â€˜[01m[Kvirtual hardware_interface::return_type thur::ThurSystemHardware::read(const rclcpp::Time&, const rclcpp::Duration&)[m[Kâ€™:
[12.002s] [01m[K/home/hans/ros2_ws/src/ros2_control_demos/thur/hardware/thur_diff.cpp:194:59:[m[K [01;35m[Kwarning: [m[Kunused parameter â€˜[01m[Kperiod[m[Kâ€™ [[01;35m[K]8;;https://gcc.gnu.org/onlinedocs/gcc/Warning-Options.html#index-Wunused-parameter-Wunused-parameter]8;;[m[K]
[12.002s]   194 |   const rclcpp::Time & /*time*/, [01;35m[Kconst rclcpp::Duration & period[m[K)
[12.005s]       |                                  [01;35m[K~~~~~~~~~~~~~~~~~~~~~~~~~^~~~~~[m[K
[13.772s] gmake[2]: *** [CMakeFiles/thur.dir/build.make:90: CMakeFiles/thur.dir/hardware/serial.cpp.o] Fehler 1
[13.772s] gmake[2]: *** Auf noch nicht beendete Prozesse wird gewartet â€¦
[17.168s] gmake[1]: *** [CMakeFiles/Makefile2:137: CMakeFiles/thur.dir/all] Fehler 2
[17.169s] gmake: *** [Makefile:146: all] Fehler 2
[17.174s] Invoked command in '/home/hans/ros2_ws/build/thur' returned '2': CMAKE_PREFIX_PATH=${CMAKE_PREFIX_PATH}:/opt/ros/iron /usr/bin/cmake --build /home/hans/ros2_ws/build/thur -- -j4 -l4
