[ 33%] [32mBuilding CXX object CMakeFiles/thur.dir/hardware/serial.cpp.o[0m
[01m[K/home/hans/ros2_ws/src/ros2_control_demos/thur/hardware/serial.cpp:[m[K In member function â€˜[01m[Kvoid thur::ThurSerialPort::decode_byte(uint8_t, std::vector<thur::SerialHdlcFrame>&)[m[Kâ€™:
[01m[K/home/hans/ros2_ws/src/ros2_control_demos/thur/hardware/serial.cpp:179:29:[m[K [01;31m[Kerror: [m[Kâ€˜[01m[KMECANUMBOT_SERIAL_SERIAL_FRAME_MAX_SIZE[m[Kâ€™ was not declared in this scope; did you mean â€˜[01m[KTHUR_SERIAL_SERIAL_FRAME_MAX_SIZE[m[Kâ€™?
  179 |     if (rx_frame_length_ == [01;31m[KMECANUMBOT_SERIAL_SERIAL_FRAME_MAX_SIZE[m[K) {
      |                             [01;31m[K^~~~~~~~~~~~~~~~~~~~~~~~~~~~~~~~~~~~~~~[m[K
      |                             [32m[KTHUR_SERIAL_SERIAL_FRAME_MAX_SIZE[m[K
gmake[2]: *** [CMakeFiles/thur.dir/build.make:90: CMakeFiles/thur.dir/hardware/serial.cpp.o] Fehler 1
gmake[1]: *** [CMakeFiles/Makefile2:137: CMakeFiles/thur.dir/all] Fehler 2
gmake: *** [Makefile:146: all] Fehler 2
