[0.023s] Invoking command in '/home/hans/ros2_ws/build/thur': CMAKE_PREFIX_PATH=${CMAKE_PREFIX_PATH}:/opt/ros/iron /usr/bin/cmake --build /home/hans/ros2_ws/build/thur -- -j1 -l1
[0.180s] [ 33%] [32mBuilding CXX object CMakeFiles/thur.dir/hardware/serial.cpp.o[0m
[5.684s] [01m[K/home/hans/ros2_ws/src/ros2_control_demos/thur/hardware/serial.cpp:[m[K In member function â€˜[01m[Kvoid thur::ThurSerialPort::decode_byte(uint8_t, std::vector<thur::SerialHdlcFrame>&)[m[Kâ€™:
[5.685s] [01m[K/home/hans/ros2_ws/src/ros2_control_demos/thur/hardware/serial.cpp:179:29:[m[K [01;31m[Kerror: [m[Kâ€˜[01m[KMECANUMBOT_SERIAL_SERIAL_FRAME_MAX_SIZE[m[Kâ€™ was not declared in this scope; did you mean â€˜[01m[KTHUR_SERIAL_SERIAL_FRAME_MAX_SIZE[m[Kâ€™?
[5.685s]   179 |     if (rx_frame_length_ == [01;31m[KMECANUMBOT_SERIAL_SERIAL_FRAME_MAX_SIZE[m[K) {
[5.685s]       |                             [01;31m[K^~~~~~~~~~~~~~~~~~~~~~~~~~~~~~~~~~~~~~~[m[K
[5.685s]       |                             [32m[KTHUR_SERIAL_SERIAL_FRAME_MAX_SIZE[m[K
[6.411s] gmake[2]: *** [CMakeFiles/thur.dir/build.make:90: CMakeFiles/thur.dir/hardware/serial.cpp.o] Fehler 1
[6.412s] gmake[1]: *** [CMakeFiles/Makefile2:137: CMakeFiles/thur.dir/all] Fehler 2
[6.417s] gmake: *** [Makefile:146: all] Fehler 2
[6.423s] Invoked command in '/home/hans/ros2_ws/build/thur' returned '2': CMAKE_PREFIX_PATH=${CMAKE_PREFIX_PATH}:/opt/ros/iron /usr/bin/cmake --build /home/hans/ros2_ws/build/thur -- -j1 -l1
