[0.023s] Invoking command in '/home/hans/ros2_ws/build/thur': CMAKE_PREFIX_PATH=${CMAKE_PREFIX_PATH}:/opt/ros/iron /usr/bin/cmake /home/hans/ros2_ws/src/ros2_control_demos/thur -DCMAKE_INSTALL_PREFIX=/home/hans/ros2_ws/install
[0.059s] -- Found ament_cmake: 2.0.6 (/opt/ros/iron/share/ament_cmake/cmake)
[0.230s] -- Found hardware_interface: 3.28.0 (/opt/ros/iron/share/hardware_interface/cmake)
[0.267s] -- Found rosidl_generator_c: 4.0.1 (/opt/ros/iron/share/rosidl_generator_c/cmake)
[0.276s] -- Found rosidl_generator_cpp: 4.0.1 (/opt/ros/iron/share/rosidl_generator_cpp/cmake)
[0.290s] -- Using all available rosidl_typesupport_c: rosidl_typesupport_fastrtps_c;rosidl_typesupport_introspection_c
[0.306s] -- Using all available rosidl_typesupport_cpp: rosidl_typesupport_fastrtps_cpp;rosidl_typesupport_introspection_cpp
[1.135s] -- Found rmw_implementation_cmake: 7.1.0 (/opt/ros/iron/share/rmw_implementation_cmake/cmake)
[1.136s] -- Found rmw_fastrtps_cpp: 7.1.4 (/opt/ros/iron/share/rmw_fastrtps_cpp/cmake)
[1.184s] -- Found TinyXML2 via Config file: TinyXML2_DIR-NOTFOUND
[1.194s] -- Found TinyXML2 via Config file: TinyXML2_DIR-NOTFOUND
[1.214s] -- Found TinyXML2 via Config file: TinyXML2_DIR-NOTFOUND
[1.222s] -- Found TinyXML2 via Config file: TinyXML2_DIR-NOTFOUND
[1.232s] -- Using RMW implementation 'rmw_fastrtps_cpp' as default
[1.456s] -- Found ament_cmake_pytest: 2.0.6 (/opt/ros/iron/share/ament_cmake_pytest/cmake)
[2.700s] -- Configuring done
[2.723s] -- Generating done
[2.725s] -- Build files have been written to: /home/hans/ros2_ws/build/thur
[2.735s] Invoked command in '/home/hans/ros2_ws/build/thur' returned '0': CMAKE_PREFIX_PATH=${CMAKE_PREFIX_PATH}:/opt/ros/iron /usr/bin/cmake /home/hans/ros2_ws/src/ros2_control_demos/thur -DCMAKE_INSTALL_PREFIX=/home/hans/ros2_ws/install
[2.738s] Invoking command in '/home/hans/ros2_ws/build/thur': CMAKE_PREFIX_PATH=${CMAKE_PREFIX_PATH}:/opt/ros/iron /usr/bin/cmake --build /home/hans/ros2_ws/build/thur -- -j1 -l1
[2.808s] [ 33%] [32mBuilding CXX object CMakeFiles/thur.dir/hardware/thur_diff.cpp.o[0m
[2.832s] [01m[K/home/hans/ros2_ws/src/ros2_control_demos/thur/hardware/thur_diff.cpp:15:10:[m[K [01;31m[Kfatal error: [m[Kros2_control_demo_example_2/diffbot_system.hpp: Datei oder Verzeichnis nicht gefunden
[2.833s]    15 | #include [01;31m[K"ros2_control_demo_example_2/diffbot_system.hpp"[m[K
[2.833s]       |          [01;31m[K^~~~~~~~~~~~~~~~~~~~~~~~~~~~~~~~~~~~~~~~~~~~~~~~[m[K
[2.833s] compilation terminated.
[2.837s] gmake[2]: *** [CMakeFiles/thur.dir/build.make:76: CMakeFiles/thur.dir/hardware/thur_diff.cpp.o] Fehler 1
[2.837s] gmake[1]: *** [CMakeFiles/Makefile2:137: CMakeFiles/thur.dir/all] Fehler 2
[2.837s] gmake: *** [Makefile:146: all] Fehler 2
[2.840s] Invoked command in '/home/hans/ros2_ws/build/thur' returned '2': CMAKE_PREFIX_PATH=${CMAKE_PREFIX_PATH}:/opt/ros/iron /usr/bin/cmake --build /home/hans/ros2_ws/build/thur -- -j1 -l1
