[0.000000] (-) TimerEvent: {}
[0.000316] (ros2_control_demo_description) JobQueued: {'identifier': 'ros2_control_demo_description', 'dependencies': OrderedDict()}
[0.000424] (ros2_control_demo_testing) JobQueued: {'identifier': 'ros2_control_demo_testing', 'dependencies': OrderedDict()}
[0.000446] (ros2_control_demo_example_1) JobQueued: {'identifier': 'ros2_control_demo_example_1', 'dependencies': OrderedDict([('ros2_control_demo_description', '/home/hans/ros2_ws/install'), ('ros2_control_demo_testing', '/home/hans/ros2_ws/install')])}
[0.000465] (ros2_control_demo_example_10) JobQueued: {'identifier': 'ros2_control_demo_example_10', 'dependencies': OrderedDict([('ros2_control_demo_description', '/home/hans/ros2_ws/install'), ('ros2_control_demo_testing', '/home/hans/ros2_ws/install')])}
[0.000488] (ros2_control_demo_example_11) JobQueued: {'identifier': 'ros2_control_demo_example_11', 'dependencies': OrderedDict([('ros2_control_demo_description', '/home/hans/ros2_ws/install'), ('ros2_control_demo_testing', '/home/hans/ros2_ws/install')])}
[0.000507] (ros2_control_demo_example_12) JobQueued: {'identifier': 'ros2_control_demo_example_12', 'dependencies': OrderedDict([('ros2_control_demo_description', '/home/hans/ros2_ws/install'), ('ros2_control_demo_testing', '/home/hans/ros2_ws/install')])}
[0.000528] (ros2_control_demo_example_14) JobQueued: {'identifier': 'ros2_control_demo_example_14', 'dependencies': OrderedDict([('ros2_control_demo_description', '/home/hans/ros2_ws/install'), ('ros2_control_demo_testing', '/home/hans/ros2_ws/install')])}
[0.000550] (ros2_control_demo_example_2) JobQueued: {'identifier': 'ros2_control_demo_example_2', 'dependencies': OrderedDict([('ros2_control_demo_description', '/home/hans/ros2_ws/install'), ('ros2_control_demo_testing', '/home/hans/ros2_ws/install')])}
[0.000564] (ros2_control_demo_example_3) JobQueued: {'identifier': 'ros2_control_demo_example_3', 'dependencies': OrderedDict([('ros2_control_demo_description', '/home/hans/ros2_ws/install'), ('ros2_control_demo_testing', '/home/hans/ros2_ws/install')])}
[0.000577] (ros2_control_demo_example_4) JobQueued: {'identifier': 'ros2_control_demo_example_4', 'dependencies': OrderedDict([('ros2_control_demo_description', '/home/hans/ros2_ws/install'), ('ros2_control_demo_testing', '/home/hans/ros2_ws/install')])}
[0.000590] (ros2_control_demo_example_5) JobQueued: {'identifier': 'ros2_control_demo_example_5', 'dependencies': OrderedDict([('ros2_control_demo_description', '/home/hans/ros2_ws/install'), ('ros2_control_demo_testing', '/home/hans/ros2_ws/install')])}
[0.000608] (ros2_control_demo_example_6) JobQueued: {'identifier': 'ros2_control_demo_example_6', 'dependencies': OrderedDict([('ros2_control_demo_description', '/home/hans/ros2_ws/install'), ('ros2_control_demo_testing', '/home/hans/ros2_ws/install')])}
[0.000621] (ros2_control_demo_example_7) JobQueued: {'identifier': 'ros2_control_demo_example_7', 'dependencies': OrderedDict([('ros2_control_demo_description', '/home/hans/ros2_ws/install'), ('ros2_control_demo_testing', '/home/hans/ros2_ws/install')])}
[0.000633] (ros2_control_demo_example_8) JobQueued: {'identifier': 'ros2_control_demo_example_8', 'dependencies': OrderedDict([('ros2_control_demo_description', '/home/hans/ros2_ws/install'), ('ros2_control_demo_testing', '/home/hans/ros2_ws/install')])}
[0.000645] (ros2_control_demo_example_9) JobQueued: {'identifier': 'ros2_control_demo_example_9', 'dependencies': OrderedDict([('ros2_control_demo_description', '/home/hans/ros2_ws/install'), ('ros2_control_demo_testing', '/home/hans/ros2_ws/install')])}
[0.000656] (thur) JobQueued: {'identifier': 'thur', 'dependencies': OrderedDict([('ros2_control_demo_description', '/home/hans/ros2_ws/install'), ('ros2_control_demo_testing', '/home/hans/ros2_ws/install')])}
[0.001381] (ros2_control_demo_example_15) JobQueued: {'identifier': 'ros2_control_demo_example_15', 'dependencies': OrderedDict([('ros2_control_demo_description', '/home/hans/ros2_ws/install'), ('ros2_control_demo_testing', '/home/hans/ros2_ws/install'), ('ros2_control_demo_example_1', '/home/hans/ros2_ws/install'), ('ros2_control_demo_example_5', '/home/hans/ros2_ws/install')])}
[0.001731] (ros2_control_demos) JobQueued: {'identifier': 'ros2_control_demos', 'dependencies': OrderedDict([('ros2_control_demo_description', '/home/hans/ros2_ws/install'), ('ros2_control_demo_testing', '/home/hans/ros2_ws/install'), ('ros2_control_demo_example_1', '/home/hans/ros2_ws/install'), ('ros2_control_demo_example_10', '/home/hans/ros2_ws/install'), ('ros2_control_demo_example_11', '/home/hans/ros2_ws/install'), ('ros2_control_demo_example_12', '/home/hans/ros2_ws/install'), ('ros2_control_demo_example_14', '/home/hans/ros2_ws/install'), ('ros2_control_demo_example_2', '/home/hans/ros2_ws/install'), ('ros2_control_demo_example_3', '/home/hans/ros2_ws/install'), ('ros2_control_demo_example_4', '/home/hans/ros2_ws/install'), ('ros2_control_demo_example_5', '/home/hans/ros2_ws/install'), ('ros2_control_demo_example_6', '/home/hans/ros2_ws/install'), ('ros2_control_demo_example_7', '/home/hans/ros2_ws/install'), ('ros2_control_demo_example_8', '/home/hans/ros2_ws/install'), ('ros2_control_demo_example_9', '/home/hans/ros2_ws/install'), ('ros2_control_demo_example_15', '/home/hans/ros2_ws/install')])}
[0.001844] (ros2_control_demo_description) JobStarted: {'identifier': 'ros2_control_demo_description'}
[0.028818] (ros2_control_demo_description) JobProgress: {'identifier': 'ros2_control_demo_description', 'progress': 'cmake'}
[0.032439] (ros2_control_demo_description) JobProgress: {'identifier': 'ros2_control_demo_description', 'progress': 'build'}
[0.034216] (ros2_control_demo_description) Command: {'cmd': ['/usr/bin/cmake', '--build', '/home/hans/ros2_ws/build/ros2_control_demo_description', '--', '-j1', '-l1'], 'cwd': '/home/hans/ros2_ws/build/ros2_control_demo_description', 'env': OrderedDict([('LESSOPEN', '| /usr/bin/lesspipe %s'), ('USER', 'hans'), ('XDG_SESSION_TYPE', 'wayland'), ('SHLVL', '1'), ('LD_LIBRARY_PATH', '/home/hans/ros2_ws/install/lib:/opt/ros/iron/opt/rviz_ogre_vendor/lib:/opt/ros/iron/lib/x86_64-linux-gnu:/opt/ros/iron/lib'), ('HOME', '/home/hans'), ('OLDPWD', '/home/hans/ros2_ws/src'), ('DESKTOP_SESSION', 'ubuntu'), ('ROS_PYTHON_VERSION', '3'), ('GNOME_SHELL_SESSION_MODE', 'ubuntu'), ('GTK_MODULES', 'gail:atk-bridge'), ('SYSTEMD_EXEC_PID', '2799'), ('DBUS_SESSION_BUS_ADDRESS', 'unix:path=/run/user/1000/bus'), ('COLORTERM', 'truecolor'), ('IM_CONFIG_PHASE', '1'), ('WAYLAND_DISPLAY', 'wayland-0'), ('COLCON_PREFIX_PATH', '/home/hans/ros2_ws/install'), ('ROS_DISTRO', 'iron'), ('LOGNAME', 'hans'), ('_', '/home/hans/.local/bin/colcon'), ('ROS_VERSION', '2'), ('XDG_SESSION_CLASS', 'user'), ('USERNAME', 'hans'), ('TERM', 'xterm-256color'), ('GNOME_DESKTOP_SESSION_ID', 'this-is-deprecated'), ('PATH', '/opt/ros/iron/bin:/home/hans/.local/bin:/home/hans/.local/bin:/usr/local/sbin:/usr/local/bin:/usr/sbin:/usr/bin:/sbin:/bin:/usr/games:/usr/local/games:/snap/bin:/snap/bin'), ('SESSION_MANAGER', 'local/hans-VirtualBox:@/tmp/.ICE-unix/1331,unix/hans-VirtualBox:/tmp/.ICE-unix/1331'), ('XDG_MENU_PREFIX', 'gnome-'), ('GNOME_TERMINAL_SCREEN', '/org/gnome/Terminal/screen/69cabdce_c2f4_4545_bb41_7eb6e5cb2b4a'), ('GNOME_SETUP_DISPLAY', ':1'), ('XDG_RUNTIME_DIR', '/run/user/1000'), ('DISPLAY', ':0'), ('LANG', 'de_DE.UTF-8'), ('XDG_CURRENT_DESKTOP', 'ubuntu:GNOME'), ('XMODIFIERS', '@im=ibus'), ('XDG_SESSION_DESKTOP', 'ubuntu'), ('XAUTHORITY', '/run/user/1000/.mutter-Xwaylandauth.7IW4T2'), ('LS_COLORS', 'rs=0:di=01;34:ln=01;36:mh=00:pi=40;33:so=01;35:do=01;35:bd=40;33;01:cd=40;33;01:or=40;31;01:mi=00:su=37;41:sg=30;43:ca=30;41:tw=30;42:ow=34;42:st=37;44:ex=01;32:*.tar=01;31:*.tgz=01;31:*.arc=01;31:*.arj=01;31:*.taz=01;31:*.lha=01;31:*.lz4=01;31:*.lzh=01;31:*.lzma=01;31:*.tlz=01;31:*.txz=01;31:*.tzo=01;31:*.t7z=01;31:*.zip=01;31:*.z=01;31:*.dz=01;31:*.gz=01;31:*.lrz=01;31:*.lz=01;31:*.lzo=01;31:*.xz=01;31:*.zst=01;31:*.tzst=01;31:*.bz2=01;31:*.bz=01;31:*.tbz=01;31:*.tbz2=01;31:*.tz=01;31:*.deb=01;31:*.rpm=01;31:*.jar=01;31:*.war=01;31:*.ear=01;31:*.sar=01;31:*.rar=01;31:*.alz=01;31:*.ace=01;31:*.zoo=01;31:*.cpio=01;31:*.7z=01;31:*.rz=01;31:*.cab=01;31:*.wim=01;31:*.swm=01;31:*.dwm=01;31:*.esd=01;31:*.jpg=01;35:*.jpeg=01;35:*.mjpg=01;35:*.mjpeg=01;35:*.gif=01;35:*.bmp=01;35:*.pbm=01;35:*.pgm=01;35:*.ppm=01;35:*.tga=01;35:*.xbm=01;35:*.xpm=01;35:*.tif=01;35:*.tiff=01;35:*.png=01;35:*.svg=01;35:*.svgz=01;35:*.mng=01;35:*.pcx=01;35:*.mov=01;35:*.mpg=01;35:*.mpeg=01;35:*.m2v=01;35:*.mkv=01;35:*.webm=01;35:*.webp=01;35:*.ogm=01;35:*.mp4=01;35:*.m4v=01;35:*.mp4v=01;35:*.vob=01;35:*.qt=01;35:*.nuv=01;35:*.wmv=01;35:*.asf=01;35:*.rm=01;35:*.rmvb=01;35:*.flc=01;35:*.avi=01;35:*.fli=01;35:*.flv=01;35:*.gl=01;35:*.dl=01;35:*.xcf=01;35:*.xwd=01;35:*.yuv=01;35:*.cgm=01;35:*.emf=01;35:*.ogv=01;35:*.ogx=01;35:*.aac=00;36:*.au=00;36:*.flac=00;36:*.m4a=00;36:*.mid=00;36:*.midi=00;36:*.mka=00;36:*.mp3=00;36:*.mpc=00;36:*.ogg=00;36:*.ra=00;36:*.wav=00;36:*.oga=00;36:*.opus=00;36:*.spx=00;36:*.xspf=00;36:'), ('GNOME_TERMINAL_SERVICE', ':1.104'), ('SSH_AGENT_LAUNCHER', 'gnome-keyring'), ('SSH_AUTH_SOCK', '/run/user/1000/keyring/ssh'), ('AMENT_PREFIX_PATH', '/home/hans/ros2_ws/install:/opt/ros/iron'), ('SHELL', '/bin/bash'), ('QT_ACCESSIBILITY', '1'), ('GDMSESSION', 'ubuntu'), ('LESSCLOSE', '/usr/bin/lesspipe %s %s'), ('ROS_AUTOMATIC_DISCOVERY_RANGE', 'SUBNET'), ('QT_IM_MODULE', 'ibus'), ('PWD', '/home/hans/ros2_ws/build/ros2_control_demo_description'), ('XDG_CONFIG_DIRS', '/etc/xdg/xdg-ubuntu:/etc/xdg'), ('XDG_DATA_DIRS', '/usr/share/ubuntu:/usr/local/share/:/usr/share/:/var/lib/snapd/desktop'), ('PYTHONPATH', '/home/hans/ros2_ws/install/lib/python3.10/site-packages:/opt/ros/iron/lib/python3.10/site-packages'), ('COLCON', '1'), ('VTE_VERSION', '6800'), ('CMAKE_PREFIX_PATH', '/home/hans/ros2_ws/install:/opt/ros/iron')]), 'shell': False}
[0.101773] (-) TimerEvent: {}
[0.142717] (ros2_control_demo_description) CommandEnded: {'returncode': 0}
[0.205020] (ros2_control_demo_description) JobProgress: {'identifier': 'ros2_control_demo_description', 'progress': 'install'}
[0.205415] (-) TimerEvent: {}
[0.225477] (ros2_control_demo_description) Command: {'cmd': ['/usr/bin/cmake', '--install', '/home/hans/ros2_ws/build/ros2_control_demo_description'], 'cwd': '/home/hans/ros2_ws/build/ros2_control_demo_description', 'env': OrderedDict([('LESSOPEN', '| /usr/bin/lesspipe %s'), ('USER', 'hans'), ('XDG_SESSION_TYPE', 'wayland'), ('SHLVL', '1'), ('LD_LIBRARY_PATH', '/home/hans/ros2_ws/install/lib:/opt/ros/iron/opt/rviz_ogre_vendor/lib:/opt/ros/iron/lib/x86_64-linux-gnu:/opt/ros/iron/lib'), ('HOME', '/home/hans'), ('OLDPWD', '/home/hans/ros2_ws/src'), ('DESKTOP_SESSION', 'ubuntu'), ('ROS_PYTHON_VERSION', '3'), ('GNOME_SHELL_SESSION_MODE', 'ubuntu'), ('GTK_MODULES', 'gail:atk-bridge'), ('SYSTEMD_EXEC_PID', '2799'), ('DBUS_SESSION_BUS_ADDRESS', 'unix:path=/run/user/1000/bus'), ('COLORTERM', 'truecolor'), ('IM_CONFIG_PHASE', '1'), ('WAYLAND_DISPLAY', 'wayland-0'), ('COLCON_PREFIX_PATH', '/home/hans/ros2_ws/install'), ('ROS_DISTRO', 'iron'), ('LOGNAME', 'hans'), ('_', '/home/hans/.local/bin/colcon'), ('ROS_VERSION', '2'), ('XDG_SESSION_CLASS', 'user'), ('USERNAME', 'hans'), ('TERM', 'xterm-256color'), ('GNOME_DESKTOP_SESSION_ID', 'this-is-deprecated'), ('PATH', '/opt/ros/iron/bin:/home/hans/.local/bin:/home/hans/.local/bin:/usr/local/sbin:/usr/local/bin:/usr/sbin:/usr/bin:/sbin:/bin:/usr/games:/usr/local/games:/snap/bin:/snap/bin'), ('SESSION_MANAGER', 'local/hans-VirtualBox:@/tmp/.ICE-unix/1331,unix/hans-VirtualBox:/tmp/.ICE-unix/1331'), ('XDG_MENU_PREFIX', 'gnome-'), ('GNOME_TERMINAL_SCREEN', '/org/gnome/Terminal/screen/69cabdce_c2f4_4545_bb41_7eb6e5cb2b4a'), ('GNOME_SETUP_DISPLAY', ':1'), ('XDG_RUNTIME_DIR', '/run/user/1000'), ('DISPLAY', ':0'), ('LANG', 'de_DE.UTF-8'), ('XDG_CURRENT_DESKTOP', 'ubuntu:GNOME'), ('XMODIFIERS', '@im=ibus'), ('XDG_SESSION_DESKTOP', 'ubuntu'), ('XAUTHORITY', '/run/user/1000/.mutter-Xwaylandauth.7IW4T2'), ('LS_COLORS', 'rs=0:di=01;34:ln=01;36:mh=00:pi=40;33:so=01;35:do=01;35:bd=40;33;01:cd=40;33;01:or=40;31;01:mi=00:su=37;41:sg=30;43:ca=30;41:tw=30;42:ow=34;42:st=37;44:ex=01;32:*.tar=01;31:*.tgz=01;31:*.arc=01;31:*.arj=01;31:*.taz=01;31:*.lha=01;31:*.lz4=01;31:*.lzh=01;31:*.lzma=01;31:*.tlz=01;31:*.txz=01;31:*.tzo=01;31:*.t7z=01;31:*.zip=01;31:*.z=01;31:*.dz=01;31:*.gz=01;31:*.lrz=01;31:*.lz=01;31:*.lzo=01;31:*.xz=01;31:*.zst=01;31:*.tzst=01;31:*.bz2=01;31:*.bz=01;31:*.tbz=01;31:*.tbz2=01;31:*.tz=01;31:*.deb=01;31:*.rpm=01;31:*.jar=01;31:*.war=01;31:*.ear=01;31:*.sar=01;31:*.rar=01;31:*.alz=01;31:*.ace=01;31:*.zoo=01;31:*.cpio=01;31:*.7z=01;31:*.rz=01;31:*.cab=01;31:*.wim=01;31:*.swm=01;31:*.dwm=01;31:*.esd=01;31:*.jpg=01;35:*.jpeg=01;35:*.mjpg=01;35:*.mjpeg=01;35:*.gif=01;35:*.bmp=01;35:*.pbm=01;35:*.pgm=01;35:*.ppm=01;35:*.tga=01;35:*.xbm=01;35:*.xpm=01;35:*.tif=01;35:*.tiff=01;35:*.png=01;35:*.svg=01;35:*.svgz=01;35:*.mng=01;35:*.pcx=01;35:*.mov=01;35:*.mpg=01;35:*.mpeg=01;35:*.m2v=01;35:*.mkv=01;35:*.webm=01;35:*.webp=01;35:*.ogm=01;35:*.mp4=01;35:*.m4v=01;35:*.mp4v=01;35:*.vob=01;35:*.qt=01;35:*.nuv=01;35:*.wmv=01;35:*.asf=01;35:*.rm=01;35:*.rmvb=01;35:*.flc=01;35:*.avi=01;35:*.fli=01;35:*.flv=01;35:*.gl=01;35:*.dl=01;35:*.xcf=01;35:*.xwd=01;35:*.yuv=01;35:*.cgm=01;35:*.emf=01;35:*.ogv=01;35:*.ogx=01;35:*.aac=00;36:*.au=00;36:*.flac=00;36:*.m4a=00;36:*.mid=00;36:*.midi=00;36:*.mka=00;36:*.mp3=00;36:*.mpc=00;36:*.ogg=00;36:*.ra=00;36:*.wav=00;36:*.oga=00;36:*.opus=00;36:*.spx=00;36:*.xspf=00;36:'), ('GNOME_TERMINAL_SERVICE', ':1.104'), ('SSH_AGENT_LAUNCHER', 'gnome-keyring'), ('SSH_AUTH_SOCK', '/run/user/1000/keyring/ssh'), ('AMENT_PREFIX_PATH', '/home/hans/ros2_ws/install:/opt/ros/iron'), ('SHELL', '/bin/bash'), ('QT_ACCESSIBILITY', '1'), ('GDMSESSION', 'ubuntu'), ('LESSCLOSE', '/usr/bin/lesspipe %s %s'), ('ROS_AUTOMATIC_DISCOVERY_RANGE', 'SUBNET'), ('QT_IM_MODULE', 'ibus'), ('PWD', '/home/hans/ros2_ws/build/ros2_control_demo_description'), ('XDG_CONFIG_DIRS', '/etc/xdg/xdg-ubuntu:/etc/xdg'), ('XDG_DATA_DIRS', '/usr/share/ubuntu:/usr/local/share/:/usr/share/:/var/lib/snapd/desktop'), ('PYTHONPATH', '/home/hans/ros2_ws/install/lib/python3.10/site-packages:/opt/ros/iron/lib/python3.10/site-packages'), ('COLCON', '1'), ('VTE_VERSION', '6800'), ('CMAKE_PREFIX_PATH', '/home/hans/ros2_ws/install:/opt/ros/iron')]), 'shell': False}
[0.254291] (ros2_control_demo_description) StdoutLine: {'line': b'-- Install configuration: ""\n'}
[0.258704] (ros2_control_demo_description) StdoutLine: {'line': b'-- Up-to-date: /home/hans/ros2_ws/install/share/ros2_control_demo_description/rrbot/urdf\n'}
[0.258992] (ros2_control_demo_description) StdoutLine: {'line': b'-- Up-to-date: /home/hans/ros2_ws/install/share/ros2_control_demo_description/rrbot/urdf/rrbot_description.urdf.xacro\n'}
[0.259066] (ros2_control_demo_description) StdoutLine: {'line': b'-- Up-to-date: /home/hans/ros2_ws/install/share/ros2_control_demo_description/rrbot/urdf/rrbot.materials.xacro\n'}
[0.259128] (ros2_control_demo_description) StdoutLine: {'line': b'-- Up-to-date: /home/hans/ros2_ws/install/share/ros2_control_demo_description/rrbot/rviz\n'}
[0.259184] (ros2_control_demo_description) StdoutLine: {'line': b'-- Up-to-date: /home/hans/ros2_ws/install/share/ros2_control_demo_description/rrbot/rviz/rrbot.rviz\n'}
[0.259239] (ros2_control_demo_description) StdoutLine: {'line': b'-- Up-to-date: /home/hans/ros2_ws/install/share/ros2_control_demo_description/diffbot/urdf\n'}
[0.259295] (ros2_control_demo_description) StdoutLine: {'line': b'-- Up-to-date: /home/hans/ros2_ws/install/share/ros2_control_demo_description/diffbot/urdf/diffbot.materials.xacro\n'}
[0.259350] (ros2_control_demo_description) StdoutLine: {'line': b'-- Up-to-date: /home/hans/ros2_ws/install/share/ros2_control_demo_description/diffbot/urdf/diffbot_description.urdf.xacro\n'}
[0.259403] (ros2_control_demo_description) StdoutLine: {'line': b'-- Up-to-date: /home/hans/ros2_ws/install/share/ros2_control_demo_description/diffbot/rviz\n'}
[0.259457] (ros2_control_demo_description) StdoutLine: {'line': b'-- Up-to-date: /home/hans/ros2_ws/install/share/ros2_control_demo_description/diffbot/rviz/diffbot.rviz\n'}
[0.259504] (ros2_control_demo_description) StdoutLine: {'line': b'-- Up-to-date: /home/hans/ros2_ws/install/share/ros2_control_demo_description/diffbot/rviz/diffbot_view.rviz\n'}
[0.259585] (ros2_control_demo_description) StdoutLine: {'line': b'-- Up-to-date: /home/hans/ros2_ws/install/share/ros2_control_demo_description/carlikebot/urdf\n'}
[0.259987] (ros2_control_demo_description) StdoutLine: {'line': b'-- Up-to-date: /home/hans/ros2_ws/install/share/ros2_control_demo_description/carlikebot/urdf/carlikebot_description.urdf.xacro\n'}
[0.260072] (ros2_control_demo_description) StdoutLine: {'line': b'-- Up-to-date: /home/hans/ros2_ws/install/share/ros2_control_demo_description/carlikebot/urdf/carlikebot.materials.xacro\n'}
[0.260131] (ros2_control_demo_description) StdoutLine: {'line': b'-- Up-to-date: /home/hans/ros2_ws/install/share/ros2_control_demo_description/carlikebot/rviz\n'}
[0.260179] (ros2_control_demo_description) StdoutLine: {'line': b'-- Up-to-date: /home/hans/ros2_ws/install/share/ros2_control_demo_description/carlikebot/rviz/carlikebot.rviz\n'}
[0.260233] (ros2_control_demo_description) StdoutLine: {'line': b'-- Up-to-date: /home/hans/ros2_ws/install/share/ros2_control_demo_description/carlikebot/rviz/carlikebot_view.rviz\n'}
[0.260286] (ros2_control_demo_description) StdoutLine: {'line': b'-- Up-to-date: /home/hans/ros2_ws/install/share/ros2_control_demo_description/r6bot/meshes\n'}
[0.260343] (ros2_control_demo_description) StdoutLine: {'line': b'-- Up-to-date: /home/hans/ros2_ws/install/share/ros2_control_demo_description/r6bot/meshes/visual\n'}
[0.260397] (ros2_control_demo_description) StdoutLine: {'line': b'-- Up-to-date: /home/hans/ros2_ws/install/share/ros2_control_demo_description/r6bot/meshes/visual/link_1.dae\n'}
[0.260450] (ros2_control_demo_description) StdoutLine: {'line': b'-- Up-to-date: /home/hans/ros2_ws/install/share/ros2_control_demo_description/r6bot/meshes/visual/link_2.dae\n'}
[0.260501] (ros2_control_demo_description) StdoutLine: {'line': b'-- Up-to-date: /home/hans/ros2_ws/install/share/ros2_control_demo_description/r6bot/meshes/visual/link_5.dae\n'}
[0.260546] (ros2_control_demo_description) StdoutLine: {'line': b'-- Up-to-date: /home/hans/ros2_ws/install/share/ros2_control_demo_description/r6bot/meshes/visual/link_4.dae\n'}
[0.260598] (ros2_control_demo_description) StdoutLine: {'line': b'-- Up-to-date: /home/hans/ros2_ws/install/share/ros2_control_demo_description/r6bot/meshes/visual/link_6.dae\n'}
[0.260658] (ros2_control_demo_description) StdoutLine: {'line': b'-- Up-to-date: /home/hans/ros2_ws/install/share/ros2_control_demo_description/r6bot/meshes/visual/link_3.dae\n'}
[0.263840] (ros2_control_demo_description) StdoutLine: {'line': b'-- Up-to-date: /home/hans/ros2_ws/install/share/ros2_control_demo_description/r6bot/meshes/visual/link_0.dae\n'}
[0.263919] (ros2_control_demo_description) StdoutLine: {'line': b'-- Up-to-date: /home/hans/ros2_ws/install/share/ros2_control_demo_description/r6bot/meshes/collision\n'}
[0.263982] (ros2_control_demo_description) StdoutLine: {'line': b'-- Up-to-date: /home/hans/ros2_ws/install/share/ros2_control_demo_description/r6bot/meshes/collision/link_3.stl\n'}
[0.264051] (ros2_control_demo_description) StdoutLine: {'line': b'-- Up-to-date: /home/hans/ros2_ws/install/share/ros2_control_demo_description/r6bot/meshes/collision/link_5.stl\n'}
[0.264117] (ros2_control_demo_description) StdoutLine: {'line': b'-- Up-to-date: /home/hans/ros2_ws/install/share/ros2_control_demo_description/r6bot/meshes/collision/link_4.stl\n'}
[0.264182] (ros2_control_demo_description) StdoutLine: {'line': b'-- Up-to-date: /home/hans/ros2_ws/install/share/ros2_control_demo_description/r6bot/meshes/collision/link_0.stl\n'}
[0.264240] (ros2_control_demo_description) StdoutLine: {'line': b'-- Up-to-date: /home/hans/ros2_ws/install/share/ros2_control_demo_description/r6bot/meshes/collision/link_6.stl\n'}
[0.264293] (ros2_control_demo_description) StdoutLine: {'line': b'-- Up-to-date: /home/hans/ros2_ws/install/share/ros2_control_demo_description/r6bot/meshes/collision/link_2.stl\n'}
[0.264344] (ros2_control_demo_description) StdoutLine: {'line': b'-- Up-to-date: /home/hans/ros2_ws/install/share/ros2_control_demo_description/r6bot/meshes/collision/link_1.stl\n'}
[0.264406] (ros2_control_demo_description) StdoutLine: {'line': b'-- Up-to-date: /home/hans/ros2_ws/install/share/ros2_control_demo_description/r6bot/srdf\n'}
[0.264451] (ros2_control_demo_description) StdoutLine: {'line': b'-- Up-to-date: /home/hans/ros2_ws/install/share/ros2_control_demo_description/r6bot/srdf/r6bot.srdf\n'}
[0.264503] (ros2_control_demo_description) StdoutLine: {'line': b'-- Up-to-date: /home/hans/ros2_ws/install/share/ros2_control_demo_description/r6bot/urdf\n'}
[0.264555] (ros2_control_demo_description) StdoutLine: {'line': b'-- Up-to-date: /home/hans/ros2_ws/install/share/ros2_control_demo_description/r6bot/urdf/inc\n'}
[0.264607] (ros2_control_demo_description) StdoutLine: {'line': b'-- Up-to-date: /home/hans/ros2_ws/install/share/ros2_control_demo_description/r6bot/urdf/inc/create_link.xacro\n'}
[0.264689] (ros2_control_demo_description) StdoutLine: {'line': b'-- Up-to-date: /home/hans/ros2_ws/install/share/ros2_control_demo_description/r6bot/urdf/r6bot_description.urdf.xacro\n'}
[0.267211] (ros2_control_demo_description) StdoutLine: {'line': b'-- Up-to-date: /home/hans/ros2_ws/install/share/ros2_control_demo_description/r6bot/rviz\n'}
[0.267281] (ros2_control_demo_description) StdoutLine: {'line': b'-- Up-to-date: /home/hans/ros2_ws/install/share/ros2_control_demo_description/r6bot/rviz/view_robot.rviz\n'}
[0.267340] (ros2_control_demo_description) StdoutLine: {'line': b'-- Up-to-date: /home/hans/ros2_ws/install/share/ament_index/resource_index/package_run_dependencies/ros2_control_demo_description\n'}
[0.267395] (ros2_control_demo_description) StdoutLine: {'line': b'-- Up-to-date: /home/hans/ros2_ws/install/share/ament_index/resource_index/parent_prefix_path/ros2_control_demo_description\n'}
[0.267443] (ros2_control_demo_description) StdoutLine: {'line': b'-- Up-to-date: /home/hans/ros2_ws/install/share/ros2_control_demo_description/environment/ament_prefix_path.sh\n'}
[0.267496] (ros2_control_demo_description) StdoutLine: {'line': b'-- Up-to-date: /home/hans/ros2_ws/install/share/ros2_control_demo_description/environment/ament_prefix_path.dsv\n'}
[0.267548] (ros2_control_demo_description) StdoutLine: {'line': b'-- Up-to-date: /home/hans/ros2_ws/install/share/ros2_control_demo_description/environment/path.sh\n'}
[0.267601] (ros2_control_demo_description) StdoutLine: {'line': b'-- Up-to-date: /home/hans/ros2_ws/install/share/ros2_control_demo_description/environment/path.dsv\n'}
[0.267653] (ros2_control_demo_description) StdoutLine: {'line': b'-- Up-to-date: /home/hans/ros2_ws/install/share/ros2_control_demo_description/local_setup.bash\n'}
[0.270422] (ros2_control_demo_description) StdoutLine: {'line': b'-- Up-to-date: /home/hans/ros2_ws/install/share/ros2_control_demo_description/local_setup.sh\n'}
[0.270527] (ros2_control_demo_description) StdoutLine: {'line': b'-- Up-to-date: /home/hans/ros2_ws/install/share/ros2_control_demo_description/local_setup.zsh\n'}
[0.270590] (ros2_control_demo_description) StdoutLine: {'line': b'-- Up-to-date: /home/hans/ros2_ws/install/share/ros2_control_demo_description/local_setup.dsv\n'}
[0.271378] (ros2_control_demo_description) StdoutLine: {'line': b'-- Installing: /home/hans/ros2_ws/install/share/ros2_control_demo_description/package.dsv\n'}
[0.271468] (ros2_control_demo_description) StdoutLine: {'line': b'-- Up-to-date: /home/hans/ros2_ws/install/share/ament_index/resource_index/packages/ros2_control_demo_description\n'}
[0.271528] (ros2_control_demo_description) StdoutLine: {'line': b'-- Up-to-date: /home/hans/ros2_ws/install/share/ros2_control_demo_description/cmake/ros2_control_demo_descriptionConfig.cmake\n'}
[0.271585] (ros2_control_demo_description) StdoutLine: {'line': b'-- Up-to-date: /home/hans/ros2_ws/install/share/ros2_control_demo_description/cmake/ros2_control_demo_descriptionConfig-version.cmake\n'}
[0.271644] (ros2_control_demo_description) StdoutLine: {'line': b'-- Up-to-date: /home/hans/ros2_ws/install/share/ros2_control_demo_description/package.xml\n'}
[0.275757] (ros2_control_demo_description) CommandEnded: {'returncode': 0}
[0.305857] (-) TimerEvent: {}
[0.390061] (ros2_control_demo_description) JobEnded: {'identifier': 'ros2_control_demo_description', 'rc': 0}
[0.393765] (ros2_control_demo_testing) JobStarted: {'identifier': 'ros2_control_demo_testing'}
[0.406346] (-) TimerEvent: {}
[0.507341] (-) TimerEvent: {}
[0.608040] (-) TimerEvent: {}
[0.711857] (-) TimerEvent: {}
[0.813117] (-) TimerEvent: {}
[0.914356] (-) TimerEvent: {}
[1.020770] (-) TimerEvent: {}
[1.121726] (-) TimerEvent: {}
[1.222362] (-) TimerEvent: {}
[1.325580] (-) TimerEvent: {}
[1.409106] (ros2_control_demo_testing) StderrLine: {'line': b'Traceback (most recent call last):\n  File "/home/hans/.local/lib/python3.10/site-packages/colcon_parallel_executor/executor/parallel.py", line 75, in execute\n    loop.run_until_complete(future)\n  File "/usr/lib/python3.10/asyncio/base_events.py", line 636, in run_until_complete\n    self.run_forever()\n  File "/usr/lib/python3.10/asyncio/base_events.py", line 603, in run_forever\n    self._run_once()\n  File "/usr/lib/python3.10/asyncio/base_events.py", line 1871, in _run_once\n    event_list = self._selector.select(timeout)\n  File "/usr/lib/python3.10/selectors.py", line 469, in select\n    fd_event_list = self._selector.poll(timeout, max_ev)\nKeyboardInterrupt\n\nDuring handling of the above exception, another exception occurred:\n\nTraceback (most recent call last):\n  File "/home/hans/.local/lib/python3.10/site-packages/colcon_core/executor/__init__.py", line 91, in __call__\n    rc = await self.task(*args, **kwargs)\n  File "/home/hans/.local/lib/python3.10/site-packages/colcon_core/task/__init__.py", line 93, in __call__\n    return await task_method(*args, **kwargs)\n  File "/home/hans/.local/lib/python3.10/site-packages/colcon_ros/task/ament_python/build.py", line 102, in build\n    return await extension.build(additional_hooks=additional_hooks)\n  File "/home/hans/.local/lib/python3.10/site-packages/colcon_core/task/python/build.py", line 94, in build\n    available_commands = await self._get_available_commands(\n  File "/home/hans/.local/lib/python3.10/site-packages/colcon_core/task/python/build.py", line 192, in _get_available_commands\n    output = await check_output(\n  File "/home/hans/.local/lib/python3.10/site-packages/colcon_core/subprocess.py", line 129, in check_output\n    assert not rc, f\'Expected {args} to pass: {stderr_data}\'\nAssertionError: Expected [\'/usr/bin/python3\', \'-W\', \'ignore:setup.py install is deprecated\', \'setup.py\', \'--help-commands\'] to pass: Traceback (most recent call last):\n  File "/usr/lib/python3/dist-packages/pkg_resources/__init__.py", line 2031, in try_parse\n    return packaging.version.Version(name)\n  File "/usr/lib/python3/dist-packages/pkg_resources/_vendor/packaging/version.py", line 266, in __init__\n    raise InvalidVersion(f"Invalid version: \'{version}\'")\npkg_resources.extern.packaging.version.InvalidVersion: Invalid version: \'/usr/lib/python3/dist\'\n\nDuring handling of the above exception, another exception occurred:\n\nTraceback (most recent call last):\n  File "/home/hans/ros2_ws/src/ros2_control_demos/ros2_control_demo_testing/setup.py", line 31, in <module>\n    from setuptools import find_packages, setup\n  File "/usr/lib/python3/dist-packages/setuptools/__init__.py", line 16, in <module>\n    import setuptools.version\n  File "/usr/lib/python3/dist-packages/setuptools/version.py", line 1, in <module>\n    import pkg_resources\n  File "/usr/lib/python3/dist-packages/pkg_resources/__init__.py", line 3267, in <module>\n    def _initialize_master_working_set():\n  File "/usr/lib/python3/dist-packages/pkg_resources/__init__.py", line 3241, in _call_aside\n    f(*args, **kwargs)\n  File "/usr/lib/python3/dist-packages/pkg_resources/__init__.py", line 3302, in _initialize_master_working_set\n    list(map(working_set.add_entry, sys.path))\n  File "/usr/lib/python3/dist-packages/pkg_resources/__init__.py", line 613, in add_entry\n    for dist in find_distributions(entry, True):\n  File "/usr/lib/python3/dist-packages/pkg_resources/__init__.py", line 2073, in find_on_path\n    path_item_entries = _by_version_descending(filtered)\n  File "/usr/lib/python3/dist-packages/pkg_resources/__init__.py", line 2043, in _by_version_descending\n    return sorted(names, key=_by_version, reverse=True)\n  File "/usr/lib/python3/dist-packages/pkg_resources/__init__.py", line 2041, in _by_version\n    return [try_parse(part) for part in parts]\n  File "/usr/lib/python3/dist-packages/pkg_resources/__init__.py", line 2041, in <listcomp>\n    return [try_parse(part) for part in parts]\n  File "/usr/lib/python3/dist-packages/pkg_resources/__init__.py", line 2033, in try_parse\n    return packaging.version.Version(\'0\')\n  File "/usr/lib/python3/dist-packages/pkg_resources/_vendor/packaging/version.py", line 269, in __init__\n    self._version = _Version(\n  File "<string>", line 1, in <lambda>\nKeyboardInterrupt\n\n'}
[1.410481] (ros2_control_demo_testing) JobEnded: {'identifier': 'ros2_control_demo_testing', 'rc': 'SIGINT'}
[1.421883] (ros2_control_demo_example_1) JobSkipped: {'identifier': 'ros2_control_demo_example_1'}
[1.422003] (ros2_control_demo_example_10) JobSkipped: {'identifier': 'ros2_control_demo_example_10'}
[1.422127] (ros2_control_demo_example_11) JobSkipped: {'identifier': 'ros2_control_demo_example_11'}
[1.422147] (ros2_control_demo_example_12) JobSkipped: {'identifier': 'ros2_control_demo_example_12'}
[1.422162] (ros2_control_demo_example_14) JobSkipped: {'identifier': 'ros2_control_demo_example_14'}
[1.422192] (ros2_control_demo_example_2) JobSkipped: {'identifier': 'ros2_control_demo_example_2'}
[1.422204] (ros2_control_demo_example_3) JobSkipped: {'identifier': 'ros2_control_demo_example_3'}
[1.422216] (ros2_control_demo_example_4) JobSkipped: {'identifier': 'ros2_control_demo_example_4'}
[1.422227] (ros2_control_demo_example_5) JobSkipped: {'identifier': 'ros2_control_demo_example_5'}
[1.422256] (ros2_control_demo_example_6) JobSkipped: {'identifier': 'ros2_control_demo_example_6'}
[1.422267] (ros2_control_demo_example_7) JobSkipped: {'identifier': 'ros2_control_demo_example_7'}
[1.422279] (ros2_control_demo_example_8) JobSkipped: {'identifier': 'ros2_control_demo_example_8'}
[1.422291] (ros2_control_demo_example_9) JobSkipped: {'identifier': 'ros2_control_demo_example_9'}
[1.422312] (thur) JobSkipped: {'identifier': 'thur'}
[1.422333] (ros2_control_demo_example_15) JobSkipped: {'identifier': 'ros2_control_demo_example_15'}
[1.422344] (ros2_control_demos) JobSkipped: {'identifier': 'ros2_control_demos'}
[1.422362] (-) EventReactorShutdown: {}
