[0.024s] Invoking command in '/home/hans/ros2_ws/build/thur': CMAKE_PREFIX_PATH=${CMAKE_PREFIX_PATH}:/opt/ros/iron /usr/bin/cmake --build /home/hans/ros2_ws/build/thur -- -j1 -l1
[0.138s] [35m[1mConsolidate compiler generated dependencies of target thur[0m
[0.196s] [ 33%] [32mBuilding CXX object CMakeFiles/thur.dir/hardware/thur_diff.cpp.o[0m
[6.368s] [01m[K/home/hans/ros2_ws/src/ros2_control_demos/thur/hardware/thur_diff.cpp:[m[K In member function â€˜[01m[Kvirtual hardware_interface::CallbackReturn thur::ThurSystemHardware::on_activate(const rclcpp_lifecycle::State&)[m[Kâ€™:
[6.368s] [01m[K/home/hans/ros2_ws/src/ros2_control_demos/thur/hardware/thur_diff.cpp:157:35:[m[K [01;31m[Kerror: [m[Kâ€˜[01m[KMecanumbotSerialPort[m[Kâ€™ was not declared in this scope
[6.369s]   157 |   serial_port_ = std::make_shared<[01;31m[KMecanumbotSerialPort[m[K>();
[6.369s]       |                                   [01;31m[K^~~~~~~~~~~~~~~~~~~~[m[K
[6.370s] [01m[K/home/hans/ros2_ws/src/ros2_control_demos/thur/hardware/thur_diff.cpp:157:56:[m[K [01;31m[Kerror: [m[Kno matching function for call to â€˜[01m[Kmake_shared<<expression error> >()[m[Kâ€™
[6.371s]   157 |   serial_port_ = [01;31m[Kstd::make_shared<MecanumbotSerialPort>()[m[K;
[6.371s]       |                  [01;31m[K~~~~~~~~~~~~~~~~~~~~~~~~~~~~~~~~~~~~~~^~[m[K
[6.371s] In file included from [01m[K/usr/include/c++/11/memory:77[m[K,
[6.371s]                  from [01m[K/home/hans/ros2_ws/src/ros2_control_demos/thur/hardware/include/thur/thur_diff.hpp:18[m[K,
[6.371s]                  from [01m[K/home/hans/ros2_ws/src/ros2_control_demos/thur/hardware/thur_diff.cpp:15[m[K:
[6.371s] [01m[K/usr/include/c++/11/bits/shared_ptr.h:875:5:[m[K [01;36m[Knote: [m[Kcandidate: â€˜[01m[Ktemplate<class _Tp, class ... _Args> std::shared_ptr<_Tp> std::make_shared(_Args&& ...)[m[Kâ€™
[6.371s]   875 |     [01;36m[Kmake_shared[m[K(_Args&&... __args)
[6.372s]       |     [01;36m[K^~~~~~~~~~~[m[K
[6.372s] [01m[K/usr/include/c++/11/bits/shared_ptr.h:875:5:[m[K [01;36m[Knote: [m[K  template argument deduction/substitution failed:
[6.377s] [01m[K/home/hans/ros2_ws/src/ros2_control_demos/thur/hardware/thur_diff.cpp:157:56:[m[K [01;31m[Kerror: [m[Ktemplate argument 1 is invalid
[6.377s]   157 |   serial_port_ = [01;31m[Kstd::make_shared<MecanumbotSerialPort>()[m[K;
[6.377s]       |                  [01;31m[K~~~~~~~~~~~~~~~~~~~~~~~~~~~~~~~~~~~~~~^~[m[K
[8.029s] gmake[2]: *** [CMakeFiles/thur.dir/build.make:76: CMakeFiles/thur.dir/hardware/thur_diff.cpp.o] Fehler 1
[8.031s] gmake[1]: *** [CMakeFiles/Makefile2:137: CMakeFiles/thur.dir/all] Fehler 2
[8.031s] gmake: *** [Makefile:146: all] Fehler 2
[8.035s] Invoked command in '/home/hans/ros2_ws/build/thur' returned '2': CMAKE_PREFIX_PATH=${CMAKE_PREFIX_PATH}:/opt/ros/iron /usr/bin/cmake --build /home/hans/ros2_ws/build/thur -- -j1 -l1
