In file included from [01m[K/home/hans/ros2_ws/src/ros2_control_demos/thur/hardware/thur_diff.cpp:15[m[K:
[01m[K/home/hans/ros2_ws/src/ros2_control_demos/thur/hardware/include/thur/thur_diff.hpp:33:10:[m[K [01;31m[Kfatal error: [m[Khardware/include/serial.hpp: Datei oder Verzeichnis nicht gefunden
   33 | #include [01;31m[K"hardware/include/serial.hpp"[m[K
      |          [01;31m[K^~~~~~~~~~~~~~~~~~~~~~~~~~~~~[m[K
compilation terminated.
gmake[2]: *** [CMakeFiles/thur.dir/build.make:76: CMakeFiles/thur.dir/hardware/thur_diff.cpp.o] Fehler 1
gmake[1]: *** [CMakeFiles/Makefile2:137: CMakeFiles/thur.dir/all] Fehler 2
gmake: *** [Makefile:146: all] Fehler 2
