[0.030s] Invoking command in '/home/hans/ros2_ws/build/thur': CMAKE_PREFIX_PATH=${CMAKE_PREFIX_PATH}:/opt/ros/iron /usr/bin/cmake --build /home/hans/ros2_ws/build/thur -- -j1 -l1
[0.173s] [ 33%] [32mBuilding CXX object CMakeFiles/thur.dir/hardware/thur_diff.cpp.o[0m
[2.139s] In file included from [01m[K/home/hans/ros2_ws/src/ros2_control_demos/thur/hardware/thur_diff.cpp:15[m[K:
[2.139s] [01m[K/home/hans/ros2_ws/src/ros2_control_demos/thur/hardware/include/thur/thur_diff.hpp:71:3:[m[K [01;31m[Kerror: [m[Kâ€˜[01m[Ksdt[m[Kâ€™ does not name a type
[2.139s]    71 |   [01;31m[Ksdt[m[K::string serial_port_name_;
[2.139s]       |   [01;31m[K^~~[m[K
[8.112s] gmake[2]: *** [CMakeFiles/thur.dir/build.make:76: CMakeFiles/thur.dir/hardware/thur_diff.cpp.o] Fehler 1
[8.112s] gmake[1]: *** [CMakeFiles/Makefile2:137: CMakeFiles/thur.dir/all] Fehler 2
[8.112s] gmake: *** [Makefile:146: all] Fehler 2
[8.114s] Invoked command in '/home/hans/ros2_ws/build/thur' returned '2': CMAKE_PREFIX_PATH=${CMAKE_PREFIX_PATH}:/opt/ros/iron /usr/bin/cmake --build /home/hans/ros2_ws/build/thur -- -j1 -l1
