[01m[K/home/hans/ros2_ws/src/ros2_control_demos/thur/hardware/serial.cpp:3:10:[m[K [01;31m[Kfatal error: [m[Kstring.h>: Datei oder Verzeichnis nicht gefunden
    3 | #include [01;31m[K<string.h>s[m[K
      |          [01;31m[K^~~~~~~~~~~[m[K
compilation terminated.
gmake[2]: *** [CMakeFiles/thur.dir/build.make:90: CMakeFiles/thur.dir/hardware/serial.cpp.o] Fehler 1
gmake[1]: *** [CMakeFiles/Makefile2:137: CMakeFiles/thur.dir/all] Fehler 2
gmake: *** [Makefile:146: all] Fehler 2
