[0.023s] Invoking command in '/home/hans/ros2_ws/build/thur': CMAKE_PREFIX_PATH=${CMAKE_PREFIX_PATH}:/opt/ros/iron /usr/bin/cmake --build /home/hans/ros2_ws/build/thur -- -j1 -l1
[0.130s] [35m[1mConsolidate compiler generated dependencies of target thur[0m
[0.187s] [ 33%] [32mBuilding CXX object CMakeFiles/thur.dir/hardware/thur_diff.cpp.o[0m
[8.219s] [ 66%] [32mBuilding CXX object CMakeFiles/thur.dir/hardware/serial.cpp.o[0m
[12.898s] In file included from [01m[K/home/hans/ros2_ws/src/ros2_control_demos/thur/hardware/serial.cpp:10[m[K:
[12.898s] [01m[K/home/hans/ros2_ws/src/ros2_control_demos/thur/hardware/include/serial.hpp:21:22:[m[K [01;31m[Kerror: [m[Kâ€˜[01m[KMECANUMBOT_SERIAL_SERIAL_FRAME_MAX_SIZE[m[Kâ€™ was not declared in this scope; did you mean â€˜[01m[KTHUR_SERIAL_SERIAL_FRAME_MAX_SIZE[m[Kâ€™?
[12.899s]    21 |         uint8_t data[[01;31m[KMECANUMBOT_SERIAL_SERIAL_FRAME_MAX_SIZE[m[K];
[12.899s]       |                      [01;31m[K^~~~~~~~~~~~~~~~~~~~~~~~~~~~~~~~~~~~~~~[m[K
[12.900s]       |                      [32m[KTHUR_SERIAL_SERIAL_FRAME_MAX_SIZE[m[K
[12.900s] [01m[K/home/hans/ros2_ws/src/ros2_control_demos/thur/hardware/serial.cpp:17:17:[m[K [01;31m[Kerror: [m[Kâ€˜[01m[Kros2_control_demo_example_2[m[Kâ€™ is not a namespace-name
[12.901s]    17 | using namespace [01;31m[Kros2_control_demo_example_2[m[K;
[12.901s]       |                 [01;31m[K^~~~~~~~~~~~~~~~~~~~~~~~~~~[m[K
[12.904s] [01m[K/home/hans/ros2_ws/src/ros2_control_demos/thur/hardware/serial.cpp:19:1:[m[K [01;31m[Kerror: [m[Kâ€˜[01m[KThurSerialPort[m[Kâ€™ does not name a type
[12.905s]    19 | [01;31m[KThurSerialPort[m[K::ThurSerialPort()
[12.905s]       | [01;31m[K^~~~~~~~~~~~~~[m[K
[12.907s] [01m[K/home/hans/ros2_ws/src/ros2_control_demos/thur/hardware/serial.cpp:30:1:[m[K [01;31m[Kerror: [m[Kâ€˜[01m[KThurSerialPort[m[Kâ€™ does not name a type
[12.907s]    30 | [01;31m[KThurSerialPort[m[K::~ThurSerialPort()
[12.907s]       | [01;31m[K^~~~~~~~~~~~~~[m[K
[12.911s] [01m[K/home/hans/ros2_ws/src/ros2_control_demos/thur/hardware/serial.cpp:35:1:[m[K [01;31m[Kerror: [m[Kâ€˜[01m[Kreturn_type[m[Kâ€™ does not name a type
[12.911s]    35 | [01;31m[Kreturn_type[m[K ThurSerialPort::open(const std::string & port_name)
[12.911s]       | [01;31m[K^~~~~~~~~~~[m[K
[12.912s] [01m[K/home/hans/ros2_ws/src/ros2_control_demos/thur/hardware/serial.cpp:81:1:[m[K [01;31m[Kerror: [m[Kâ€˜[01m[Kreturn_type[m[Kâ€™ does not name a type
[12.912s]    81 | [01;31m[Kreturn_type[m[K ThurSerialPort::close()
[12.912s]       | [01;31m[K^~~~~~~~~~~[m[K
[12.914s] [01m[K/home/hans/ros2_ws/src/ros2_control_demos/thur/hardware/serial.cpp:90:1:[m[K [01;31m[Kerror: [m[Kâ€˜[01m[Kreturn_type[m[Kâ€™ does not name a type
[12.914s]    90 | [01;31m[Kreturn_type[m[K ThurSerialPort::read_frames(std::vector<SerialHdlcFrame>& frames)
[12.914s]       | [01;31m[K^~~~~~~~~~~[m[K
[12.917s] [01m[K/home/hans/ros2_ws/src/ros2_control_demos/thur/hardware/serial.cpp:106:1:[m[K [01;31m[Kerror: [m[Kâ€˜[01m[Kreturn_type[m[Kâ€™ does not name a type
[12.917s]   106 | [01;31m[Kreturn_type[m[K ThurSerialPort::write_frame(const uint8_t* data, size_t size)
[12.918s]       | [01;31m[K^~~~~~~~~~~[m[K
[12.920s] [01m[K/home/hans/ros2_ws/src/ros2_control_demos/thur/hardware/serial.cpp:132:6:[m[K [01;31m[Kerror: [m[Kâ€˜[01m[KThurSerialPort[m[Kâ€™ has not been declared
[12.920s]   132 | bool [01;31m[KThurSerialPort[m[K::is_open() const
[12.920s]       |      [01;31m[K^~~~~~~~~~~~~~[m[K
[12.920s] [01m[K/home/hans/ros2_ws/src/ros2_control_demos/thur/hardware/serial.cpp:132:32:[m[K [01;31m[Kerror: [m[Knon-member function â€˜[01m[Kbool is_open()[m[Kâ€™ cannot have cv-qualifier
[12.920s]   132 | bool ThurSerialPort::is_open() [01;31m[Kconst[m[K
[12.920s]       |                                [01;31m[K^~~~~[m[K
[12.924s] [01m[K/home/hans/ros2_ws/src/ros2_control_demos/thur/hardware/serial.cpp:[m[K In function â€˜[01m[Kbool is_open()[m[Kâ€™:
[12.924s] [01m[K/home/hans/ros2_ws/src/ros2_control_demos/thur/hardware/serial.cpp:134:12:[m[K [01;31m[Kerror: [m[Kâ€˜[01m[Kserial_port_[m[Kâ€™ was not declared in this scope
[12.925s]   134 |     return [01;31m[Kserial_port_[m[K >= 0;
[12.925s]       |            [01;31m[K^~~~~~~~~~~~[m[K
[12.925s] [01m[K/home/hans/ros2_ws/src/ros2_control_demos/thur/hardware/serial.cpp:[m[K At global scope:
[12.926s] [01m[K/home/hans/ros2_ws/src/ros2_control_demos/thur/hardware/serial.cpp:137:6:[m[K [01;31m[Kerror: [m[Kâ€˜[01m[KThurSerialPort[m[Kâ€™ has not been declared
[12.926s]   137 | void [01;31m[KThurSerialPort[m[K::encode_byte(uint8_t data)
[12.927s]       |      [01;31m[K^~~~~~~~~~~~~~[m[K
[12.937s] [01m[K/home/hans/ros2_ws/src/ros2_control_demos/thur/hardware/serial.cpp:[m[K In function â€˜[01m[Kvoid encode_byte(uint8_t)[m[Kâ€™:
[12.937s] [01m[K/home/hans/ros2_ws/src/ros2_control_demos/thur/hardware/serial.cpp:140:9:[m[K [01;31m[Kerror: [m[Kâ€˜[01m[Ktx_frame_buffer_[m[Kâ€™ was not declared in this scope
[12.937s]   140 |         [01;31m[Ktx_frame_buffer_[m[K[tx_frame_length_++] = HDLC_ESCAPE_FLAG;
[12.937s]       |         [01;31m[K^~~~~~~~~~~~~~~~[m[K
[12.947s] [01m[K/home/hans/ros2_ws/src/ros2_control_demos/thur/hardware/serial.cpp:140:26:[m[K [01;31m[Kerror: [m[Kâ€˜[01m[Ktx_frame_length_[m[Kâ€™ was not declared in this scope
[12.947s]   140 |         tx_frame_buffer_[[01;31m[Ktx_frame_length_[m[K++] = HDLC_ESCAPE_FLAG;
[12.948s]       |                          [01;31m[K^~~~~~~~~~~~~~~~[m[K
[12.956s] [01m[K/home/hans/ros2_ws/src/ros2_control_demos/thur/hardware/serial.cpp:143:5:[m[K [01;31m[Kerror: [m[Kâ€˜[01m[Ktx_frame_buffer_[m[Kâ€™ was not declared in this scope
[12.957s]   143 |     [01;31m[Ktx_frame_buffer_[m[K[tx_frame_length_++] = data;
[12.957s]       |     [01;31m[K^~~~~~~~~~~~~~~~[m[K
[12.965s] [01m[K/home/hans/ros2_ws/src/ros2_control_demos/thur/hardware/serial.cpp:143:22:[m[K [01;31m[Kerror: [m[Kâ€˜[01m[Ktx_frame_length_[m[Kâ€™ was not declared in this scope
[12.966s]   143 |     tx_frame_buffer_[[01;31m[Ktx_frame_length_[m[K++] = data;
[12.966s]       |                      [01;31m[K^~~~~~~~~~~~~~~~[m[K
[12.967s] [01m[K/home/hans/ros2_ws/src/ros2_control_demos/thur/hardware/serial.cpp:[m[K At global scope:
[12.967s] [01m[K/home/hans/ros2_ws/src/ros2_control_demos/thur/hardware/serial.cpp:146:6:[m[K [01;31m[Kerror: [m[Kâ€˜[01m[KThurSerialPort[m[Kâ€™ has not been declared
[12.967s]   146 | void [01;31m[KThurSerialPort[m[K::decode_byte(uint8_t data, std::vector<SerialHdlcFrame>& frames)
[12.967s]       |      [01;31m[K^~~~~~~~~~~~~~[m[K
[12.968s] [01m[K/home/hans/ros2_ws/src/ros2_control_demos/thur/hardware/serial.cpp:146:60:[m[K [01;31m[Kerror: [m[Kâ€˜[01m[KSerialHdlcFrame[m[Kâ€™ was not declared in this scope; did you mean â€˜[01m[Kthur::SerialHdlcFrame[m[Kâ€™?
[12.968s]   146 | void ThurSerialPort::decode_byte(uint8_t data, std::vector<[01;31m[KSerialHdlcFrame[m[K>& frames)
[12.968s]       |                                                            [01;31m[K^~~~~~~~~~~~~~~[m[K
[12.968s]       |                                                            [32m[Kthur::SerialHdlcFrame[m[K
[12.971s] In file included from [01m[K/home/hans/ros2_ws/src/ros2_control_demos/thur/hardware/serial.cpp:10[m[K:
[12.971s] [01m[K/home/hans/ros2_ws/src/ros2_control_demos/thur/hardware/include/serial.hpp:19:12:[m[K [01;36m[Knote: [m[Kâ€˜[01m[Kthur::SerialHdlcFrame[m[Kâ€™ declared here
[12.972s]    19 |     struct [01;36m[KSerialHdlcFrame[m[K
[12.972s]       |            [01;36m[K^~~~~~~~~~~~~~~[m[K
[12.973s] [01m[K/home/hans/ros2_ws/src/ros2_control_demos/thur/hardware/serial.cpp:146:75:[m[K [01;31m[Kerror: [m[Ktemplate argument 1 is invalid
[12.973s]   146 | void ThurSerialPort::decode_byte(uint8_t data, std::vector<SerialHdlcFrame[01;31m[K>[m[K& frames)
[12.973s]       |                                                                           [01;31m[K^[m[K
[12.973s] [01m[K/home/hans/ros2_ws/src/ros2_control_demos/thur/hardware/serial.cpp:146:75:[m[K [01;31m[Kerror: [m[Ktemplate argument 2 is invalid
[12.977s] [01m[K/home/hans/ros2_ws/src/ros2_control_demos/thur/hardware/serial.cpp:[m[K In function â€˜[01m[Kvoid decode_byte(uint8_t, int&)[m[Kâ€™:
[12.977s] [01m[K/home/hans/ros2_ws/src/ros2_control_demos/thur/hardware/serial.cpp:149:13:[m[K [01;31m[Kerror: [m[Kâ€˜[01m[Krx_frame_escape_[m[Kâ€™ was not declared in this scope
[12.977s]   149 |         if ([01;31m[Krx_frame_escape_[m[K) {
[12.977s]       |             [01;31m[K^~~~~~~~~~~~~~~~[m[K
[12.983s] [01m[K/home/hans/ros2_ws/src/ros2_control_demos/thur/hardware/serial.cpp:152:18:[m[K [01;31m[Kerror: [m[Kâ€˜[01m[Krx_frame_length_[m[Kâ€™ was not declared in this scope
[12.983s]   152 |         else if ([01;31m[Krx_frame_length_[m[K >= 2 && rx_frame_crc_ == ((rx_frame_buffer_[rx_frame_length_ - 1] << 8) | rx_frame_buffer_[rx_frame_length_ - 2])) {
[12.983s]       |                  [01;31m[K^~~~~~~~~~~~~~~~[m[K
[12.987s] [01m[K/home/hans/ros2_ws/src/ros2_control_demos/thur/hardware/serial.cpp:152:43:[m[K [01;31m[Kerror: [m[Kâ€˜[01m[Krx_frame_crc_[m[Kâ€™ was not declared in this scope
[12.987s]   152 |         else if (rx_frame_length_ >= 2 && [01;31m[Krx_frame_crc_[m[K == ((rx_frame_buffer_[rx_frame_length_ - 1] << 8) | rx_frame_buffer_[rx_frame_length_ - 2])) {
[12.987s]       |                                           [01;31m[K^~~~~~~~~~~~~[m[K
[12.992s] [01m[K/home/hans/ros2_ws/src/ros2_control_demos/thur/hardware/serial.cpp:152:62:[m[K [01;31m[Kerror: [m[Kâ€˜[01m[Krx_frame_buffer_[m[Kâ€™ was not declared in this scope
[12.993s]   152 |         else if (rx_frame_length_ >= 2 && rx_frame_crc_ == (([01;31m[Krx_frame_buffer_[m[K[rx_frame_length_ - 1] << 8) | rx_frame_buffer_[rx_frame_length_ - 2])) {
[12.993s]       |                                                              [01;31m[K^~~~~~~~~~~~~~~~[m[K
[12.993s] [01m[K/home/hans/ros2_ws/src/ros2_control_demos/thur/hardware/serial.cpp:153:13:[m[K [01;31m[Kerror: [m[Kâ€˜[01m[KSerialHdlcFrame[m[Kâ€™ was not declared in this scope; did you mean â€˜[01m[Kthur::SerialHdlcFrame[m[Kâ€™?
[12.994s]   153 |             [01;31m[KSerialHdlcFrame[m[K frame;
[12.994s]       |             [01;31m[K^~~~~~~~~~~~~~~[m[K
[12.994s]       |             [32m[Kthur::SerialHdlcFrame[m[K
[12.995s] In file included from [01m[K/home/hans/ros2_ws/src/ros2_control_demos/thur/hardware/serial.cpp:10[m[K:
[12.995s] [01m[K/home/hans/ros2_ws/src/ros2_control_demos/thur/hardware/include/serial.hpp:19:12:[m[K [01;36m[Knote: [m[Kâ€˜[01m[Kthur::SerialHdlcFrame[m[Kâ€™ declared here
[12.995s]    19 |     struct [01;36m[KSerialHdlcFrame[m[K
[12.997s]       |            [01;36m[K^~~~~~~~~~~~~~~[m[K
[12.999s] [01m[K/home/hans/ros2_ws/src/ros2_control_demos/thur/hardware/serial.cpp:154:20:[m[K [01;31m[Kerror: [m[Kâ€˜[01m[Kframe[m[Kâ€™ was not declared in this scope; did you mean â€˜[01m[Kframes[m[Kâ€™?
[12.999s]   154 |             memcpy([01;31m[Kframe[m[K.data, rx_frame_buffer_, rx_frame_length_ - 2);
[13.000s]       |                    [01;31m[K^~~~~[m[K
[13.002s]       |                    [32m[Kframes[m[K
[13.002s] [01m[K/home/hans/ros2_ws/src/ros2_control_demos/thur/hardware/serial.cpp:156:20:[m[K [01;31m[Kerror: [m[Krequest for member â€˜[01m[Kpush_back[m[Kâ€™ in â€˜[01m[Kframes[m[Kâ€™, which is of non-class type â€˜[01m[Kint[m[Kâ€™
[13.002s]   156 |             frames.[01;31m[Kpush_back[m[K(frame);
[13.002s]       |                    [01;31m[K^~~~~~~~~[m[K
[13.006s] [01m[K/home/hans/ros2_ws/src/ros2_control_demos/thur/hardware/serial.cpp:158:9:[m[K [01;31m[Kerror: [m[Kâ€˜[01m[Krx_frame_length_[m[Kâ€™ was not declared in this scope
[13.006s]   158 |         [01;31m[Krx_frame_length_[m[K = 0;
[13.007s]       |         [01;31m[K^~~~~~~~~~~~~~~~[m[K
[13.011s] [01m[K/home/hans/ros2_ws/src/ros2_control_demos/thur/hardware/serial.cpp:159:9:[m[K [01;31m[Kerror: [m[Kâ€˜[01m[Krx_frame_crc_[m[Kâ€™ was not declared in this scope
[13.011s]   159 |         [01;31m[Krx_frame_crc_[m[K = HDLC_CRC_INIT_VALUE;
[13.013s]       |         [01;31m[K^~~~~~~~~~~~~[m[K
[13.016s] [01m[K/home/hans/ros2_ws/src/ros2_control_demos/thur/hardware/serial.cpp:164:9:[m[K [01;31m[Kerror: [m[Kâ€˜[01m[Krx_frame_escape_[m[Kâ€™ was not declared in this scope
[13.017s]   164 |         [01;31m[Krx_frame_escape_[m[K = true;
[13.017s]       |         [01;31m[K^~~~~~~~~~~~~~~~[m[K
[13.023s] [01m[K/home/hans/ros2_ws/src/ros2_control_demos/thur/hardware/serial.cpp:168:9:[m[K [01;31m[Kerror: [m[Kâ€˜[01m[Krx_frame_escape_[m[Kâ€™ was not declared in this scope
[13.023s]   168 |     if ([01;31m[Krx_frame_escape_[m[K) {
[13.023s]       |         [01;31m[K^~~~~~~~~~~~~~~~[m[K
[13.028s] [01m[K/home/hans/ros2_ws/src/ros2_control_demos/thur/hardware/serial.cpp:173:5:[m[K [01;31m[Kerror: [m[Kâ€˜[01m[Krx_frame_buffer_[m[Kâ€™ was not declared in this scope
[13.029s]   173 |     [01;31m[Krx_frame_buffer_[m[K[rx_frame_length_] = data;
[13.029s]       |     [01;31m[K^~~~~~~~~~~~~~~~[m[K
[13.039s] [01m[K/home/hans/ros2_ws/src/ros2_control_demos/thur/hardware/serial.cpp:173:22:[m[K [01;31m[Kerror: [m[Kâ€˜[01m[Krx_frame_length_[m[Kâ€™ was not declared in this scope
[13.040s]   173 |     rx_frame_buffer_[[01;31m[Krx_frame_length_[m[K] = data;
[13.040s]       |                      [01;31m[K^~~~~~~~~~~~~~~~[m[K
[13.045s] [01m[K/home/hans/ros2_ws/src/ros2_control_demos/thur/hardware/serial.cpp:175:9:[m[K [01;31m[Kerror: [m[Kâ€˜[01m[Krx_frame_crc_[m[Kâ€™ was not declared in this scope
[13.045s]   175 |         [01;31m[Krx_frame_crc_[m[K = crc_update(rx_frame_crc_, rx_frame_buffer_[rx_frame_length_ - 2]);
[13.045s]       |         [01;31m[K^~~~~~~~~~~~~[m[K
[13.052s] [01m[K/home/hans/ros2_ws/src/ros2_control_demos/thur/hardware/serial.cpp:175:25:[m[K [01;31m[Kerror: [m[Kâ€˜[01m[Kcrc_update[m[Kâ€™ was not declared in this scope
[13.052s]   175 |         rx_frame_crc_ = [01;31m[Kcrc_update[m[K(rx_frame_crc_, rx_frame_buffer_[rx_frame_length_ - 2]);
[13.052s]       |                         [01;31m[K^~~~~~~~~~[m[K
[13.074s] [01m[K/home/hans/ros2_ws/src/ros2_control_demos/thur/hardware/serial.cpp:179:29:[m[K [01;31m[Kerror: [m[Kâ€˜[01m[KMECANUMBOT_SERIAL_SERIAL_FRAME_MAX_SIZE[m[Kâ€™ was not declared in this scope; did you mean â€˜[01m[KTHUR_SERIAL_SERIAL_FRAME_MAX_SIZE[m[Kâ€™?
[13.076s]   179 |     if (rx_frame_length_ == [01;31m[KMECANUMBOT_SERIAL_SERIAL_FRAME_MAX_SIZE[m[K) {
[13.077s]       |                             [01;31m[K^~~~~~~~~~~~~~~~~~~~~~~~~~~~~~~~~~~~~~~[m[K
[13.077s]       |                             [32m[KTHUR_SERIAL_SERIAL_FRAME_MAX_SIZE[m[K
[13.082s] [01m[K/home/hans/ros2_ws/src/ros2_control_demos/thur/hardware/serial.cpp:181:9:[m[K [01;31m[Kerror: [m[Kâ€˜[01m[Krx_frame_crc_[m[Kâ€™ was not declared in this scope
[13.082s]   181 |         [01;31m[Krx_frame_crc_[m[K = HDLC_CRC_INIT_VALUE;
[13.083s]       |         [01;31m[K^~~~~~~~~~~~~[m[K
[13.083s] [01m[K/home/hans/ros2_ws/src/ros2_control_demos/thur/hardware/serial.cpp:[m[K At global scope:
[13.083s] [01m[K/home/hans/ros2_ws/src/ros2_control_demos/thur/hardware/serial.cpp:185:10:[m[K [01;31m[Kerror: [m[Kâ€˜[01m[KThurSerialPort[m[Kâ€™ has not been declared
[13.085s]   185 | uint16_t [01;31m[KThurSerialPort[m[K::crc_update(uint16_t crc, uint8_t data)
[13.085s]       |          [01;31m[K^~~~~~~~~~~~~~[m[K
[13.818s] gmake[2]: *** [CMakeFiles/thur.dir/build.make:90: CMakeFiles/thur.dir/hardware/serial.cpp.o] Fehler 1
[13.819s] gmake[1]: *** [CMakeFiles/Makefile2:137: CMakeFiles/thur.dir/all] Fehler 2
[13.820s] gmake: *** [Makefile:146: all] Fehler 2
[13.823s] Invoked command in '/home/hans/ros2_ws/build/thur' returned '2': CMAKE_PREFIX_PATH=${CMAKE_PREFIX_PATH}:/opt/ros/iron /usr/bin/cmake --build /home/hans/ros2_ws/build/thur -- -j1 -l1
